<?xml version="1.0" encoding="UTF-8"?>
<!-- Generated by org.testng.reporters.JUnitXMLReporter -->
<testsuite hostname="DESKTOP-7HNKN0S" ignored="0" name="Test" tests="3" failures="0" timestamp="30 Mar 2019 12:16:16 GMT" time="43.844" errors="0">
  <testcase name="getScreenshot" time="17.542" classname="com.project.testcases.CaptureScreenshot"/>
  <testcase name="ChangeDDValues" time="16.366" classname="com.project.testcases.ChangeDropDownValues"/>
  <testcase name="HandlingFrames" time="9.902" classname="com.project.testcases.Drag_Drop_HandlingFrames"/>
</testsuite> <!-- Test -->
